author,filename,additions,deletions
Antoine Rey,src/test/java/petclinic/web/CrashControllerTests.java,4.0,5.0
Antoine Rey,src/test/java/petclinic/web/OwnerControllerTests.java,25.0,7.0
Antoine Rey,src/test/java/petclinic/web/PetControllerTests.java,21.0,9.0
Antoine Rey,src/test/java/petclinic/web/VetControllerTests.java,23.0,3.0
Antoine Rey,src/test/java/petclinic/web/VisitControllerTests.java,10.0,6.0
Antoine Rey,src/main/java/petclinic/PetclinicInitializer.java,111.0,0.0
Antoine Rey,src/main/java/petclinic/repository/jdbc/JdbcPetRepositoryImpl.java,4.0,14.0
Antoine Rey,src/main/java/petclinic/web/VetController.java,2.0,2.0
Antoine Rey,src/test/java/petclinic/web/VetControllerTests.java,14.0,14.0
Attilio,src/main/java/petclinic/repository/jdbc/JdbcVisitRepositoryImpl.java,22.0,5.0
Attilio,src/main/java/petclinic/repository/jpa/JpaVisitRepositoryImpl.java,1.0,1.0
Attilio,src/main/java/petclinic/service/ClinicService.java,2.0,0.0
Attilio,src/main/java/petclinic/service/ClinicServiceImpl.java,5.0,0.0
Attilio,src/test/java/petclinic/service/AbstractClinicServiceTests.java,10.0,0.0
Faisal Hameed,src/main/java/petclinic/model/BaseEntity.java,1.0,1.0
Faisal Hameed,src/main/java/petclinic/web/OwnerController.java,5.0,4.0
Faisal Hameed,src/main/java/petclinic/web/PetController.java,7.0,6.0
Faisal Hameed,src/main/java/petclinic/web/PetValidator.java,5.0,3.0
Faisal Hameed,src/test/java/petclinic/service/AbstractClinicServiceTests.java,1.0,1.0
Colin But,src/test/java/petclinic/web/CrashControllerTests.java,53.0,0.0
Colin But,src/test/java/petclinic/web/OwnerControllerTests.java,167.0,0.0
Colin But,src/test/java/petclinic/web/PetControllerTests.java,113.0,0.0
Colin But,src/test/java/petclinic/web/PetTypeFormatterTests.java,76.0,0.0
Colin But,src/test/java/petclinic/web/VetControllerTests.java,22.0,6.0
Colin But,src/test/java/petclinic/web/VisitControllerTests.java,79.0,0.0
Tomas Repel,src/main/java/petclinic/model/Visit.java,6.0,6.0
Tomas Repel,src/main/java/petclinic/repository/jdbc/JdbcVisitRowMapper.java,2.0,2.0
Antoine Rey,src/main/java/petclinic/model/Pet.java,5.0,4.0
Antoine Rey,src/main/java/petclinic/repository/jdbc/JdbcPetRowMapper.java,2.0,1.0
Antoine Rey,src/test/java/petclinic/service/AbstractClinicServiceTests.java,2.0,1.0
Antoine Rey,src/main/java/petclinic/web/OwnerController.java,1.0,1.0
Antoine Rey,src/main/java/petclinic/web/PetController.java,1.0,1.0
Antoine Rey,src/main/java/petclinic/web/OwnerController.java,2.0,1.0
Antoine Rey,src/main/java/petclinic/web/OwnerController.java,2.0,7.0
Antoine Rey,src/main/java/petclinic/web/PetController.java,32.0,25.0
Antoine Rey,src/main/java/petclinic/web/PetValidator.java,0.0,2.0
Tomas Repel,src/main/java/petclinic/model/Vets.java,0.0,1.0
Tomas Repel,src/main/java/petclinic/repository/OwnerRepository.java,0.0,15.0
Antoine Rey,src/main/java/petclinic/model/BaseEntity.java,3.0,4.0
Antoine Rey,src/main/java/petclinic/model/NamedEntity.java,3.0,4.0
Antoine Rey,src/main/java/petclinic/model/Owner.java,12.0,12.0
Antoine Rey,src/main/java/petclinic/model/Pet.java,10.0,11.0
Antoine Rey,src/main/java/petclinic/model/PetType.java,1.0,1.0
Antoine Rey,src/main/java/petclinic/model/Vet.java,5.0,6.0
Antoine Rey,src/main/java/petclinic/model/package-info.java,0.0,3.0
Antoine Rey,src/main/java/petclinic/repository/OwnerRepository.java,2.0,3.0
Antoine Rey,src/main/java/petclinic/repository/PetRepository.java,1.0,2.0
Antoine Rey,src/main/java/petclinic/repository/jdbc/JdbcOwnerRepositoryImpl.java,16.0,16.0
Antoine Rey,src/main/java/petclinic/repository/jdbc/JdbcPet.java,5.0,6.0
Antoine Rey,src/main/java/petclinic/repository/jdbc/JdbcPetRepositoryImpl.java,17.0,17.0
Antoine Rey,src/main/java/petclinic/repository/jdbc/JdbcPetVisitExtractor.java,2.0,2.0
Antoine Rey,src/main/java/petclinic/repository/jdbc/JdbcVetRepositoryImpl.java,12.0,12.0
Antoine Rey,src/main/java/petclinic/repository/jdbc/JdbcVisitRepositoryImpl.java,9.0,9.0
Antoine Rey,src/main/java/petclinic/repository/jdbc/package-info.java,0.0,3.0
Antoine Rey,src/main/java/petclinic/repository/jpa/JpaOwnerRepositoryImpl.java,6.0,7.0
Antoine Rey,src/main/java/petclinic/repository/jpa/JpaPetRepositoryImpl.java,5.0,6.0
Antoine Rey,src/main/java/petclinic/repository/jpa/JpaVisitRepositoryImpl.java,5.0,6.0
Antoine Rey,src/main/java/petclinic/repository/jpa/package-info.java,0.0,3.0
Antoine Rey,src/main/java/petclinic/repository/springdatajpa/SpringDataOwnerRepository.java,8.0,8.0
Antoine Rey,src/main/java/petclinic/util/CallMonitoringAspect.java,10.0,11.0
Antoine Rey,src/main/java/petclinic/util/EntityUtils.java,2.0,3.0
Antoine Rey,src/main/java/petclinic/web/CrashController.java,1.0,1.0
Antoine Rey,src/main/java/petclinic/web/OwnerController.java,6.0,8.0
Antoine Rey,src/main/java/petclinic/web/PetValidator.java,3.0,3.0
Antoine Rey,src/main/java/petclinic/web/VetController.java,7.0,5.0
Antoine Rey,src/main/java/petclinic/web/VisitController.java,10.0,9.0
Antoine Rey,src/main/java/petclinic/web/package-info.java,0.0,3.0
Antoine Rey,src/test/java/petclinic/model/ValidatorTests.java,13.0,15.0
Antoine Rey,src/test/java/petclinic/service/AbstractClinicServiceTests.java,86.0,86.0
Antoine Rey,src/test/java/petclinic/service/ClinicServiceJdbcTests.java,2.0,2.0
Antoine Rey,src/test/java/petclinic/service/ClinicServiceJpaTests.java,3.0,4.0
Antoine Rey,src/test/java/petclinic/service/ClinicServiceSpringDataJpaTests.java,4.0,4.0
Antoine Rey,src/test/java/petclinic/web/VetControllerTests.java,4.0,4.0
Antoine Rey,src/main/java/petclinic/repository/jdbc/JdbcOwnerRepositoryImpl.java,3.0,0.0
Antoine Rey,src/main/java/petclinic/web/PetValidator.java,1.0,1.0
Antoine Rey,src/test/java/petclinic/service/AbstractClinicServiceTests.java,2.0,0.0
Tomas Repel,src/main/java/petclinic/web/OwnerController.java,1.0,1.0
Tomas Repel,src/main/java/petclinic/web/PetController.java,1.0,1.0
Joe Freeman,src/main/java/petclinic/util/CallMonitoringAspect.java,2.0,0.0
Antoine Rey,src/main/java/petclinic/repository/jdbc/JdbcOwnerRepositoryImpl.java,1.0,1.0
Antoine Rey,src/main/java/petclinic/repository/jdbc/JdbcVisitRepositoryImpl.java,1.0,1.0
Antoine Rey,src/main/java/petclinic/repository/jdbc/JdbcVisitRowMapper.java,1.0,1.0
Antoine Rey,src/main/java/petclinic/repository/jdbc/JdbcVisitRepositoryImpl.java,1.0,1.0
Antoine Rey,src/main/java/petclinic/repository/jdbc/JdbcVisitRowMapper.java,1.0,1.0
Antoine Rey,src/main/java/petclinic/repository/jdbc/JdbcVetRepositoryImpl.java,1.0,4.0
Antoine Rey,src/main/java/petclinic/model/Owner.java,2.0,2.0
Antoine Rey,src/main/java/petclinic/model/Pet.java,2.0,2.0
Antoine Rey,src/main/java/petclinic/model/Vet.java,2.0,2.0
Antoine Rey,src/main/java/petclinic/model/Vets.java,1.0,1.0
Antoine Rey,src/main/java/petclinic/repository/jdbc/JdbcOwnerRepositoryImpl.java,3.0,3.0
Antoine Rey,src/main/java/petclinic/repository/jdbc/JdbcPetRepositoryImpl.java,2.0,2.0
Antoine Rey,src/main/java/petclinic/repository/jdbc/JdbcVetRepositoryImpl.java,1.0,1.0
Antoine Rey,src/main/java/petclinic/web/PetController.java,6.0,6.0
Antoine Rey,src/main/java/petclinic/web/PetValidator.java,17.0,2.0
Antoine Rey,src/test/java/petclinic/web/VetControllerTests.java,0.0,2.0
Antoine Rey,src/main/java/petclinic/repository/jdbc/JdbcOwnerRepositoryImpl.java,1.0,1.0
Antoine Rey,src/main/java/petclinic/repository/jdbc/JdbcOwnerRepositoryImpl.java,1.0,3.0
Antoine Rey,src/test/java/petclinic/web/VetControllerTests.java,0.0,3.0
Antoine Rey,src/test/java/petclinic/service/AbstractClinicServiceTests.java,1.0,1.0
Antoine Rey,src/main/java/petclinic/repository/jdbc/JdbcPetRepositoryImpl.java,1.0,1.0
Antoine Rey,src/main/java/petclinic/repository/jdbc/JdbcVetRepositoryImpl.java,2.0,2.0
Antoine Rey,src/main/java/petclinic/util/EntityUtils.java,1.0,1.0
Michael Isvy,src/main/java/petclinic/repository/jdbc/JdbcVisitRepositoryImpl.java,0.0,4.0
Antoine Rey,src/main/java/petclinic/repository/jdbc/JdbcPetRowMapper.java,3.0,3.0
Michael Isvy,src/main/java/petclinic/repository/jdbc/JdbcOwnerRepositoryImpl.java,0.0,4.0
Antoine Rey,src/main/java/petclinic/repository/jdbc/JdbcPetVisitExtractor.java,6.0,2.0
Antoine Rey,src/main/java/petclinic/repository/jdbc/JdbcVisitRowMapper.java,4.0,0.0
Antoine Rey,src/main/java/petclinic/repository/jdbc/JdbcOwnerRepositoryImpl.java,2.0,8.0
Antoine Rey,src/main/java/petclinic/repository/jdbc/JdbcPetRowMapper.java,1.0,1.0
Antoine Rey,src/main/java/petclinic/repository/jdbc/JdbcPetVisitExtractor.java,50.0,0.0
Antoine Rey,src/main/java/petclinic/repository/jdbc/JdbcVisitRepositoryImpl.java,6.0,24.0
Antoine Rey,src/main/java/petclinic/repository/jdbc/JdbcVisitRowMapper.java,38.0,0.0
Michael Isvy,src/main/java/petclinic/web/VetController.java,1.0,1.0
Michael Isvy,src/test/java/petclinic/web/VetControllerTest.java,0.0,53.0
Michael Isvy,src/test/java/petclinic/web/VetControllerTests.java,53.0,0.0
Michael Isvy,src/main/java/petclinic/web/VetController.java,11.0,1.0
Michael Isvy,src/main/java/petclinic/web/VetsAtomView.java,0.0,73.0
Michael Isvy,src/test/java/petclinic/web/VetControllerTest.java,53.0,0.0
Michael Isvy,src/test/java/petclinic/web/VisitsViewTests.java,0.0,71.0
Michael Isvy,src/test/java/petclinic/model/ValidatorTests.java,1.0,3.0
Michael Isvy,src/main/java/petclinic/repository/jdbc/JdbcOwnerRepositoryImpl.java,1.0,0.0
Michael Isvy,src/main/java/petclinic/repository/jdbc/JdbcPet.java,1.0,1.0
Martin Klose,src/test/java/petclinic/service/AbstractClinicServiceTests.java,1.0,1.0
Michael Isvy,src/main/java/petclinic/repository/jdbc/JdbcOwnerRepositoryImpl.java,4.0,4.0
Michael Isvy,src/main/java/petclinic/repository/jdbc/JdbcPetRepositoryImpl.java,2.0,2.0
Michael Isvy,src/main/java/petclinic/repository/jdbc/JdbcPetRowMapper.java,3.0,3.0
Michael Isvy,src/main/java/petclinic/repository/jdbc/JdbcVetRepositoryImpl.java,4.0,5.0
Michael Isvy,src/main/java/petclinic/repository/jdbc/JdbcVisitRepositoryImpl.java,2.0,2.0
Michael Isvy,src/test/java/petclinic/service/AbstractClinicServiceTests.java,35.0,39.0
Michael Isvy,src/test/java/petclinic/model/ValidatorTests.java,5.0,2.0
Michael Isvy,src/test/java/petclinic/service/AbstractClinicServiceTests.java,33.0,33.0
Michael Isvy,src/test/java/petclinic/web/VisitsViewTests.java,0.0,1.0
Michael Isvy,src/main/java/petclinic/model/BaseEntity.java,0.0,2.0
Michael Isvy,src/test/java/petclinic/model/ValidatorTests.java,0.0,5.0
Michael Isvy,src/test/java/petclinic/service/AbstractClinicServiceTests.java,0.0,1.0
Michael Isvy,src/main/java/petclinic/util/CallMonitoringAspect.java,4.0,1.0
Michael Isvy,src/main/java/petclinic/web/OwnerController.java,8.0,7.0
Michael Isvy,src/main/java/petclinic/model/PetType.java,1.0,0.0
Michael Isvy,src/main/java/petclinic/repository/jdbc/JdbcVetRepositoryImpl.java,1.0,1.0
Michael Isvy,src/main/java/petclinic/service/ClinicService.java,1.0,1.0
Michael Isvy,src/test/java/petclinic/model/OwnerTests.java,0.0,44.0
Michael Isvy,src/test/java/petclinic/model/ValidatorTests.java,1.0,1.0
Michael Isvy,src/test/java/petclinic/service/AbstractClinicServiceTests.java,15.0,13.0
Michael Isvy,src/test/java/petclinic/web/VisitsViewTests.java,1.0,1.0
Michael Isvy,src/test/java/petclinic/web/VisitsViewTests.java,6.0,4.0
Michael Isvy,src/main/java/petclinic/web/VisitController.java,24.0,14.0
Michael Isvy,src/main/java/petclinic/web/VetsAtomView.java,9.0,10.0
Michael Isvy,src/main/java/petclinic/repository/jdbc/JdbcPet.java,1.0,2.0
Craig Dennis,src/main/java/petclinic/web/PetValidator.java,3.0,3.0
Antoine Rey,src/main/java/petclinic/service/ClinicService.java,7.0,7.0
Antoine Rey,src/test/java/petclinic/model/ValidatorTests.java,3.0,0.0
Michael Isvy,src/test/java/petclinic/service/ClinicServiceJpaTests.java,2.0,1.0
Michael Isvy,src/main/java/petclinic/web/PetValidator.java,10.0,1.0
Michael Isvy,src/main/java/petclinic/model/BaseEntity.java,3.0,1.0
boly38,src/main/java/petclinic/model/BaseEntity.java,1.0,1.0
Michael Isvy,src/test/java/petclinic/service/ClinicServiceJpaTests.java,1.0,2.0
Michael Isvy,src/test/java/petclinic/model/ValidatorTests.java,7.0,4.0
Michael Isvy,src/test/java/petclinic/model/ValidatorTests.java,1.0,1.0
Michael Isvy,src/test/java/petclinic/web/VisitsViewTest.java,0.0,70.0
Michael Isvy,src/test/java/petclinic/web/VisitsViewTests.java,70.0,0.0
Michael Isvy,src/test/java/petclinic/model/ValidatorTest.java,0.0,45.0
Michael Isvy,src/test/java/petclinic/model/ValidatorTests.java,45.0,0.0
Tejas Metha,src/main/java/petclinic/web/PetValidator.java,2.0,0.0
Michael Isvy,src/main/java/petclinic/web/PetController.java,0.0,1.0
Michael Isvy,src/main/java/petclinic/web/VetController.java,0.0,1.0
Michael Isvy,src/main/java/petclinic/web/VisitController.java,0.0,1.0
Michael Isvy,src/main/java/petclinic/web/OwnerController.java,7.0,6.0
Michael Isvy,src/main/java/petclinic/web/PetController.java,5.0,4.0
Michael Isvy,src/main/java/petclinic/web/VetController.java,4.0,2.0
Michael Isvy,src/main/java/petclinic/web/VisitController.java,4.0,2.0
Michael Isvy,src/main/java/petclinic/repository/jpa/JpaVetRepositoryImpl.java,1.0,1.0
Michael Isvy,src/main/java/petclinic/repository/jpa/JpaOwnerRepositoryImpl.java,6.0,1.0
Michael Isvy,src/main/java/petclinic/repository/jpa/JpaPetRepositoryImpl.java,6.0,1.0
Michael Isvy,src/main/java/petclinic/repository/jpa/JpaVisitRepositoryImpl.java,6.0,1.0
Michael Isvy,src/test/java/petclinic/service/AbstractClinicServiceTests.java,1.0,1.0
Michael Isvy,src/main/java/petclinic/repository/jpa/JpaOwnerRepositoryImpl.java,1.0,1.0
Michael Isvy,src/main/java/petclinic/repository/jpa/JpaPetRepositoryImpl.java,1.0,1.0
Michael Isvy,src/main/java/petclinic/repository/jpa/JpaVisitRepositoryImpl.java,1.0,1.0
Michael Isvy,src/test/java/petclinic/service/AbstractClinicServiceTests.java,5.0,0.0
Michael Isvy,src/test/java/petclinic/model/ValidatorTest.java,45.0,0.0
Michael Isvy,src/main/java/petclinic/repository/springdatajpa/JpaOwnerRepositoryImpl.java,0.0,70.0
Michael Isvy,src/main/java/petclinic/repository/springdatajpa/SpringDataOwnerRepository.java,41.0,0.0
Michael Isvy,src/test/java/petclinic/web/VisitsViewTest.java,1.0,1.0
Michael Isvy,src/main/java/petclinic/repository/springdatajpa/JpaOwnerRepositoryImpl.java,2.0,0.0
Michael Isvy,src/main/java/petclinic/util/CallMonitoringAspect.java,4.0,4.0
Michael Isvy,src/main/java/petclinic/util/EntityUtils.java,1.0,1.0
Michael Isvy,src/main/java/petclinic/repository/jdbc/JdbcVetRepositoryImpl.java,0.0,1.0
Michael Isvy,src/main/java/petclinic/repository/jdbc/JdbcOwnerRepositoryImpl.java,1.0,1.0
Michael Isvy,src/main/java/petclinic/service/ClinicServiceImpl.java,1.0,0.0
Michael Isvy,src/main/java/petclinic/repository/jdbc/JdbcVetRepositoryImpl.java,0.0,1.0
Michael Isvy,src/main/java/petclinic/service/ClinicServiceImpl.java,2.0,0.0
Michael Isvy,src/main/java/petclinic/model/Owner.java,13.0,4.0
Michael Isvy,src/main/java/petclinic/model/Person.java,2.0,2.0
Michael Isvy,src/main/java/petclinic/model/Pet.java,15.0,3.0
Michael Isvy,src/main/java/petclinic/model/Vet.java,14.0,4.0
Michael Isvy,src/main/java/petclinic/model/Vets.java,3.0,2.0
Michael Isvy,src/main/java/petclinic/model/Visit.java,6.0,2.0
Michael Isvy,src/main/java/petclinic/repository/OwnerRepository.java,2.0,2.0
Michael Isvy,src/main/java/petclinic/repository/PetRepository.java,2.0,2.0
Michael Isvy,src/main/java/petclinic/repository/VetRepository.java,2.0,2.0
Michael Isvy,src/main/java/petclinic/repository/VisitRepository.java,2.0,2.0
Michael Isvy,src/main/java/petclinic/repository/jdbc/JdbcOwnerRepositoryImpl.java,7.0,6.0
Michael Isvy,src/main/java/petclinic/repository/jdbc/JdbcPetRepositoryImpl.java,6.0,5.0
Michael Isvy,src/main/java/petclinic/repository/jdbc/JdbcPetRowMapper.java,3.0,3.0
Michael Isvy,src/main/java/petclinic/repository/jdbc/JdbcVetRepositoryImpl.java,6.0,6.0
Michael Isvy,src/main/java/petclinic/repository/jdbc/JdbcVisitRepositoryImpl.java,7.0,6.0
Michael Isvy,src/main/java/petclinic/repository/jpa/JpaOwnerRepositoryImpl.java,6.0,5.0
Michael Isvy,src/main/java/petclinic/repository/jpa/JpaPetRepositoryImpl.java,5.0,4.0
Michael Isvy,src/main/java/petclinic/repository/jpa/JpaVetRepositoryImpl.java,5.0,4.0
Michael Isvy,src/main/java/petclinic/repository/jpa/JpaVisitRepositoryImpl.java,5.0,4.0
Michael Isvy,src/main/java/petclinic/repository/springdatajpa/JpaOwnerRepositoryImpl.java,5.0,4.0
Michael Isvy,src/main/java/petclinic/repository/springdatajpa/SpringDataPetRepository.java,2.0,2.0
Michael Isvy,src/main/java/petclinic/service/ClinicService.java,7.0,3.0
Michael Isvy,src/main/java/petclinic/service/ClinicServiceImpl.java,7.0,3.0
Michael Isvy,src/main/java/petclinic/util/EntityUtils.java,2.0,2.0
Michael Isvy,src/main/java/petclinic/web/OwnerController.java,9.0,4.0
Michael Isvy,src/main/java/petclinic/web/PetController.java,8.0,3.0
Michael Isvy,src/main/java/petclinic/web/PetTypeFormatter.java,4.0,4.0
Michael Isvy,src/main/java/petclinic/web/VetsAtomView.java,10.0,8.0
Michael Isvy,src/main/java/petclinic/web/VisitController.java,7.0,3.0
Michael Isvy,src/test/java/petclinic/model/OwnerTests.java,3.0,3.0
Michael Isvy,src/test/java/petclinic/service/AbstractClinicServiceTests.java,5.0,6.0
Michael Isvy,src/test/java/petclinic/web/VisitsViewTest.java,7.0,6.0
Michael Isvy,src/main/java/petclinic/repository/jpa/JpaOwnerRepositoryImpl.java,8.0,1.0
Michael Isvy,src/test/java/petclinic/service/AbstractClinicServiceTests.java,1.0,1.0
Michael Isvy,src/test/java/petclinic/service/ClinicServiceJdbcTests.java,2.0,1.0
Michael Isvy,src/test/java/petclinic/service/ClinicServiceJpaTests.java,2.0,4.0
Michael Isvy,src/test/java/petclinic/service/ClinicServiceSpringDataJpaTests.java,2.0,0.0
Michael Isvy,src/test/java/petclinic/repository/AbstractOwnerRepositoryTests.java,0.0,101.0
Michael Isvy,src/test/java/petclinic/repository/AbstractPetRepositoryTests.java,0.0,103.0
Michael Isvy,src/test/java/petclinic/repository/AbstractVetRepositoryTests.java,0.0,60.0
Michael Isvy,src/test/java/petclinic/repository/AbstractVisitRepositoryTests.java,0.0,59.0
Michael Isvy,src/test/java/petclinic/repository/jdbc/JdbcOwnerRepositoryImplTests.java,0.0,36.0
Michael Isvy,src/test/java/petclinic/repository/jdbc/JdbcPetRepositoryImplTests.java,0.0,21.0
Michael Isvy,src/test/java/petclinic/repository/jdbc/JdbcVetRepositoryImplTests.java,0.0,21.0
Michael Isvy,src/test/java/petclinic/repository/jdbc/JdbcVisitRepositoryImplTests.java,0.0,21.0
Michael Isvy,src/test/java/petclinic/repository/jpa/JpaOwnerRepositoryImplTests.java,0.0,26.0
Michael Isvy,src/test/java/petclinic/repository/jpa/JpaPetRepositoryImplTests.java,0.0,21.0
Michael Isvy,src/test/java/petclinic/repository/jpa/JpaVetRepositoryImplTests.java,0.0,21.0
Michael Isvy,src/test/java/petclinic/repository/jpa/JpaVisitRepositoryImplTests.java,0.0,21.0
Michael Isvy,src/test/java/petclinic/repository/springdatajpa/JpaOwnerRepositoryImplTests.java,0.0,26.0
Michael Isvy,src/test/java/petclinic/repository/springdatajpa/JpaPetRepositoryImplTests.java,0.0,21.0
Michael Isvy,src/test/java/petclinic/repository/springdatajpa/JpaVetRepositoryImplTests.java,0.0,21.0
Michael Isvy,src/test/java/petclinic/repository/springdatajpa/JpaVisitRepositoryImplTests.java,0.0,21.0
Michael Isvy,src/test/java/petclinic/repository/springdatajpa/SpringDataOwnerRepositoryTests.java,0.0,19.0
Michael Isvy,src/test/java/petclinic/service/AbstractClinicServiceTests.java,190.0,0.0
Michael Isvy,src/test/java/petclinic/service/ClinicServiceJdbcTests.java,35.0,0.0
Michael Isvy,src/test/java/petclinic/service/ClinicServiceJpaTests.java,25.0,0.0
Michael Isvy,src/test/java/petclinic/service/ClinicServiceSpringDataJpaTests.java,18.0,0.0
Michael Isvy,src/test/java/petclinic/repository/jdbc/JdbcOwnerRepositoryImplTests.java,1.0,1.0
Michael Isvy,src/test/java/petclinic/repository/jdbc/JdbcPetRepositoryImplTests.java,1.0,1.0
Michael Isvy,src/test/java/petclinic/repository/jdbc/JdbcVetRepositoryImplTests.java,1.0,1.0
Michael Isvy,src/test/java/petclinic/repository/jdbc/JdbcVisitRepositoryImplTests.java,1.0,1.0
Michael Isvy,src/test/java/petclinic/repository/jpa/JpaOwnerRepositoryImplTests.java,1.0,1.0
Michael Isvy,src/test/java/petclinic/repository/jpa/JpaPetRepositoryImplTests.java,1.0,1.0
Michael Isvy,src/test/java/petclinic/repository/jpa/JpaVetRepositoryImplTests.java,1.0,1.0
Michael Isvy,src/test/java/petclinic/repository/jpa/JpaVisitRepositoryImplTests.java,1.0,1.0
Michael Isvy,src/test/java/petclinic/repository/springdatajpa/JpaOwnerRepositoryImplTests.java,1.0,1.0
Michael Isvy,src/test/java/petclinic/repository/springdatajpa/JpaPetRepositoryImplTests.java,1.0,1.0
Michael Isvy,src/test/java/petclinic/repository/springdatajpa/JpaVetRepositoryImplTests.java,1.0,1.0
Michael Isvy,src/test/java/petclinic/repository/springdatajpa/JpaVisitRepositoryImplTests.java,1.0,1.0
Michael Isvy,src/test/java/petclinic/repository/springdatajpa/SpringDataOwnerRepositoryTests.java,1.0,1.0
Michael Isvy,src/test/java/petclinic/repository/AbstractOwnerRepositoryTests.java,15.0,15.0
Michael Isvy,src/test/java/petclinic/repository/AbstractPetRepositoryTests.java,15.0,19.0
Michael Isvy,src/test/java/petclinic/repository/AbstractVetRepositoryTests.java,8.0,9.0
Michael Isvy,src/test/java/petclinic/repository/AbstractVisitRepositoryTests.java,7.0,9.0
Julien Dubois,src/main/java/petclinic/repository/jpa/JpaOwnerRepositoryImpl.java,1.0,1.0
Julien Dubois,src/main/java/petclinic/repository/springdatajpa/JpaOwnerRepositoryImpl.java,1.0,1.0
Michael Isvy,src/test/java/petclinic/web/VisitsAtomViewTest.java,0.0,92.0
Michael Isvy,src/test/java/petclinic/web/VisitsAtomViewWithContainerTest.java,0.0,69.0
Michael Isvy,src/test/java/petclinic/web/VisitsViewTest.java,69.0,0.0
Gordon Dickens,src/main/java/petclinic/model/BaseEntity.java,14.0,14.0
Gordon Dickens,src/main/java/petclinic/model/NamedEntity.java,15.0,15.0
Gordon Dickens,src/main/java/petclinic/model/Owner.java,112.0,119.0
Gordon Dickens,src/main/java/petclinic/model/Person.java,20.0,21.0
Gordon Dickens,src/main/java/petclinic/model/Pet.java,64.0,75.0
Gordon Dickens,src/main/java/petclinic/model/PetType.java,2.0,1.0
Gordon Dickens,src/main/java/petclinic/model/Specialty.java,3.0,2.0
Gordon Dickens,src/main/java/petclinic/model/Vet.java,31.0,40.0
Gordon Dickens,src/main/java/petclinic/model/Vets.java,12.0,13.0
Gordon Dickens,src/main/java/petclinic/model/Visit.java,87.0,70.0
Gordon Dickens,src/main/java/petclinic/repository/OwnerRepository.java,31.0,29.0
Gordon Dickens,src/main/java/petclinic/repository/PetRepository.java,26.0,24.0
Gordon Dickens,src/main/java/petclinic/repository/VetRepository.java,10.0,11.0
Gordon Dickens,src/main/java/petclinic/repository/VisitRepository.java,12.0,13.0
Gordon Dickens,src/main/java/petclinic/repository/jdbc/JdbcOwnerRepositoryImpl.java,115.0,121.0
Gordon Dickens,src/main/java/petclinic/repository/jdbc/JdbcPet.java,16.0,16.0
Gordon Dickens,src/main/java/petclinic/repository/jdbc/JdbcPetRepositoryImpl.java,84.0,86.0
Gordon Dickens,src/main/java/petclinic/repository/jdbc/JdbcPetRowMapper.java,16.0,15.0
Gordon Dickens,src/main/java/petclinic/repository/jdbc/JdbcVetRepositoryImpl.java,48.0,45.0
Gordon Dickens,src/main/java/petclinic/repository/jdbc/JdbcVisitRepositoryImpl.java,56.0,57.0
Gordon Dickens,src/main/java/petclinic/repository/jpa/JpaOwnerRepositoryImpl.java,28.0,26.0
Gordon Dickens,src/main/java/petclinic/repository/jpa/JpaPetRepositoryImpl.java,19.0,17.0
Gordon Dickens,src/main/java/petclinic/repository/jpa/JpaVetRepositoryImpl.java,14.0,14.0
Gordon Dickens,src/main/java/petclinic/repository/jpa/JpaVisitRepositoryImpl.java,18.0,17.0
Gordon Dickens,src/main/java/petclinic/repository/springdatajpa/JpaOwnerRepositoryImpl.java,31.0,29.0
Gordon Dickens,src/main/java/petclinic/repository/springdatajpa/SpringDataPetRepository.java,6.0,5.0
Gordon Dickens,src/main/java/petclinic/repository/springdatajpa/SpringDataVisitRepository.java,1.0,1.0
Gordon Dickens,src/main/java/petclinic/service/ClinicService.java,15.0,19.0
Gordon Dickens,src/main/java/petclinic/service/ClinicServiceImpl.java,67.0,72.0
Gordon Dickens,src/main/java/petclinic/util/CallMonitoringAspect.java,55.0,58.0
Gordon Dickens,src/main/java/petclinic/util/EntityUtils.java,24.0,25.0
Gordon Dickens,src/main/java/petclinic/web/CrashController.java,10.0,10.0
Gordon Dickens,src/main/java/petclinic/web/OwnerController.java,97.0,106.0
Gordon Dickens,src/main/java/petclinic/web/PetController.java,53.0,61.0
Gordon Dickens,src/main/java/petclinic/web/PetTypeFormatter.java,28.0,29.0
Gordon Dickens,src/main/java/petclinic/web/PetValidator.java,8.0,9.0
Gordon Dickens,src/main/java/petclinic/web/VetController.java,14.0,18.0
Gordon Dickens,src/main/java/petclinic/web/VetsAtomView.java,37.0,39.0
Gordon Dickens,src/main/java/petclinic/web/VisitController.java,36.0,42.0
Gordon Dickens,src/test/java/petclinic/model/OwnerTests.java,15.0,16.0
Gordon Dickens,src/test/java/petclinic/repository/AbstractOwnerRepositoryTests.java,60.0,72.0
Gordon Dickens,src/test/java/petclinic/repository/AbstractPetRepositoryTests.java,63.0,63.0
Gordon Dickens,src/test/java/petclinic/repository/AbstractVetRepositoryTests.java,25.0,28.0
Gordon Dickens,src/test/java/petclinic/repository/AbstractVisitRepositoryTests.java,23.0,27.0
Gordon Dickens,src/test/java/petclinic/repository/jdbc/JdbcOwnerRepositoryImplTests.java,4.0,9.0
Gordon Dickens,src/test/java/petclinic/repository/jdbc/JdbcPetRepositoryImplTests.java,4.0,9.0
Gordon Dickens,src/test/java/petclinic/repository/jdbc/JdbcVetRepositoryImplTests.java,4.0,9.0
Gordon Dickens,src/test/java/petclinic/repository/jdbc/JdbcVisitRepositoryImplTests.java,4.0,9.0
Gordon Dickens,src/test/java/petclinic/repository/jpa/JpaOwnerRepositoryImplTests.java,6.0,14.0
Gordon Dickens,src/test/java/petclinic/repository/jpa/JpaPetRepositoryImplTests.java,4.0,9.0
Gordon Dickens,src/test/java/petclinic/repository/jpa/JpaVetRepositoryImplTests.java,4.0,9.0
Gordon Dickens,src/test/java/petclinic/repository/jpa/JpaVisitRepositoryImplTests.java,4.0,9.0
Gordon Dickens,src/test/java/petclinic/repository/springdatajpa/JpaOwnerRepositoryImplTests.java,6.0,14.0
Gordon Dickens,src/test/java/petclinic/repository/springdatajpa/JpaPetRepositoryImplTests.java,4.0,9.0
Gordon Dickens,src/test/java/petclinic/repository/springdatajpa/JpaVetRepositoryImplTests.java,4.0,9.0
Gordon Dickens,src/test/java/petclinic/repository/springdatajpa/JpaVisitRepositoryImplTests.java,4.0,9.0
Gordon Dickens,src/test/java/petclinic/repository/springdatajpa/SpringDataOwnerRepositoryTests.java,2.0,2.0
Gordon Dickens,src/test/java/petclinic/web/VisitsAtomViewTest.java,60.0,61.0
Gordon Dickens,src/test/java/petclinic/web/VisitsAtomViewWithContainerTest.java,23.0,24.0
Michael Isvy,src/main/java/petclinic/repository/jpa/JpaVisitRepositoryImpl.java,0.0,1.0
Michael Isvy,src/main/java/petclinic/web/VetsAtomView.java,74.0,0.0
Michael Isvy,src/main/java/petclinic/web/VisitsAtomView.java,0.0,82.0
Michael Isvy,src/test/java/petclinic/web/VisitsAtomViewTest.java,2.0,44.0
Michael Isvy,src/test/java/petclinic/web/VisitsAtomViewWithContainerTest.java,70.0,0.0
Michael Isvy,src/test/java/petclinic/web/VisitsAtomViewTest.java,1.0,1.0
Michael Isvy,src/test/java/petclinic/web/VisitsAtomViewTest.java,48.0,4.0
Michael Isvy,src/test/java/petclinic/AbstractOwnerRepositoryTests.java,0.0,113.0
Michael Isvy,src/test/java/petclinic/AbstractPetRepositoryTests.java,0.0,107.0
Michael Isvy,src/test/java/petclinic/AbstractVetRepositoryTests.java,0.0,64.0
Michael Isvy,src/test/java/petclinic/AbstractVisitRepositoryTests.java,0.0,65.0
Michael Isvy,src/test/java/petclinic/OwnerTests.java,0.0,45.0
Michael Isvy,src/test/java/petclinic/jdbc/JdbcOwnerRepositoryImplTests.java,0.0,41.0
Michael Isvy,src/test/java/petclinic/jdbc/JdbcPetRepositoryImplTests.java,0.0,26.0
Michael Isvy,src/test/java/petclinic/jdbc/JdbcVetRepositoryImplTests.java,0.0,26.0
Michael Isvy,src/test/java/petclinic/jdbc/JdbcVisitRepositoryImplTests.java,0.0,26.0
Michael Isvy,src/test/java/petclinic/jpa/JpaOwnerRepositoryImplTests.java,0.0,34.0
Michael Isvy,src/test/java/petclinic/jpa/JpaPetRepositoryImplTests.java,0.0,26.0
Michael Isvy,src/test/java/petclinic/jpa/JpaVetRepositoryImplTests.java,0.0,26.0
Michael Isvy,src/test/java/petclinic/jpa/JpaVisitRepositoryImplTests.java,0.0,26.0
Michael Isvy,src/test/java/petclinic/model/OwnerTests.java,45.0,0.0
Michael Isvy,src/test/java/petclinic/repository/AbstractOwnerRepositoryTests.java,113.0,0.0
Michael Isvy,src/test/java/petclinic/repository/AbstractPetRepositoryTests.java,107.0,0.0
Michael Isvy,src/test/java/petclinic/repository/AbstractVetRepositoryTests.java,64.0,0.0
Michael Isvy,src/test/java/petclinic/repository/AbstractVisitRepositoryTests.java,65.0,0.0
Michael Isvy,src/test/java/petclinic/repository/jdbc/JdbcOwnerRepositoryImplTests.java,41.0,0.0
Michael Isvy,src/test/java/petclinic/repository/jdbc/JdbcPetRepositoryImplTests.java,26.0,0.0
Michael Isvy,src/test/java/petclinic/repository/jdbc/JdbcVetRepositoryImplTests.java,26.0,0.0
Michael Isvy,src/test/java/petclinic/repository/jdbc/JdbcVisitRepositoryImplTests.java,26.0,0.0
Michael Isvy,src/test/java/petclinic/repository/jpa/JpaOwnerRepositoryImplTests.java,34.0,0.0
Michael Isvy,src/test/java/petclinic/repository/jpa/JpaPetRepositoryImplTests.java,26.0,0.0
Michael Isvy,src/test/java/petclinic/repository/jpa/JpaVetRepositoryImplTests.java,26.0,0.0
Michael Isvy,src/test/java/petclinic/repository/jpa/JpaVisitRepositoryImplTests.java,26.0,0.0
Michael Isvy,src/test/java/petclinic/repository/springdatajpa/JpaOwnerRepositoryImplTests.java,34.0,0.0
Michael Isvy,src/test/java/petclinic/repository/springdatajpa/JpaPetRepositoryImplTests.java,26.0,0.0
Michael Isvy,src/test/java/petclinic/repository/springdatajpa/JpaVetRepositoryImplTests.java,26.0,0.0
Michael Isvy,src/test/java/petclinic/repository/springdatajpa/JpaVisitRepositoryImplTests.java,26.0,0.0
Michael Isvy,src/test/java/petclinic/repository/springdatajpa/SpringDataOwnerRepositoryTests.java,19.0,0.0
Michael Isvy,src/test/java/petclinic/springdatajpa/JpaOwnerRepositoryImplTests.java,0.0,34.0
Michael Isvy,src/test/java/petclinic/springdatajpa/JpaPetRepositoryImplTests.java,0.0,26.0
Michael Isvy,src/test/java/petclinic/springdatajpa/JpaVetRepositoryImplTests.java,0.0,26.0
Michael Isvy,src/test/java/petclinic/springdatajpa/JpaVisitRepositoryImplTests.java,0.0,26.0
Michael Isvy,src/test/java/petclinic/springdatajpa/SpringDataOwnerRepositoryTests.java,0.0,19.0
Michael Isvy,src/test/java/petclinic/AbstractOwnerRepositoryTests.java,22.0,44.0
Michael Isvy,src/test/java/petclinic/AbstractPetRepositoryTests.java,18.0,61.0
Michael Isvy,src/test/java/petclinic/AbstractVetRepositoryTests.java,19.0,61.0
Michael Isvy,src/test/java/petclinic/AbstractVisitRepositoryTests.java,19.0,61.0
Michael Isvy,src/test/java/petclinic/OwnerTests.java,15.0,0.0
Michael Isvy,src/test/java/petclinic/jdbc/JdbcOwnerRepositoryImplTests.java,15.0,0.0
Michael Isvy,src/main/java/petclinic/repository/jdbc/JdbcOwnerRepositoryImpl.java,15.0,0.0
Michael Isvy,src/main/java/petclinic/repository/jdbc/JdbcPet.java,15.0,0.0
Michael Isvy,src/main/java/petclinic/repository/jdbc/JdbcPetRepositoryImpl.java,15.0,0.0
Michael Isvy,src/main/java/petclinic/repository/jdbc/JdbcPetRowMapper.java,15.0,0.0
Michael Isvy,src/main/java/petclinic/repository/jdbc/JdbcVetRepositoryImpl.java,18.0,0.0
Michael Isvy,src/main/java/petclinic/repository/jdbc/JdbcVisitRepositoryImpl.java,16.0,5.0
Michael Isvy,src/main/java/petclinic/repository/jpa/JpaOwnerRepositoryImpl.java,16.0,5.0
Michael Isvy,src/main/java/petclinic/repository/jpa/JpaPetRepositoryImpl.java,16.0,3.0
Michael Isvy,src/main/java/petclinic/repository/jpa/JpaVetRepositoryImpl.java,17.0,4.0
Michael Isvy,src/main/java/petclinic/repository/jpa/JpaVisitRepositoryImpl.java,15.0,2.0
Michael Isvy,src/main/java/petclinic/repository/springdatajpa/JpaOwnerRepositoryImpl.java,0.0,2.0
Michael Isvy,src/main/java/petclinic/repository/springdatajpa/JpaOwnerRepositoryImpl.java,16.0,1.0
Michael Isvy,src/main/java/petclinic/repository/springdatajpa/SpringDataPetRepository.java,16.0,0.0
Michael Isvy,src/main/java/petclinic/repository/springdatajpa/SpringDataVetRepository.java,16.0,0.0
Michael Isvy,src/main/java/petclinic/repository/springdatajpa/SpringDataVisitRepository.java,17.0,1.0
Michael Isvy,src/main/java/petclinic/repository/OwnerRepository.java,36.0,5.0
Michael Isvy,src/main/java/petclinic/repository/PetRepository.java,20.0,4.0
Michael Isvy,src/main/java/petclinic/repository/VetRepository.java,20.0,4.0
Michael Isvy,src/main/java/petclinic/repository/VisitRepository.java,20.0,4.0
Michael Isvy,src/main/java/petclinic/model/BaseEntity.java,15.0,0.0
Michael Isvy,src/main/java/petclinic/model/NamedEntity.java,15.0,0.0
Michael Isvy,src/main/java/petclinic/model/Owner.java,15.0,0.0
Michael Isvy,src/main/java/petclinic/model/Person.java,15.0,0.0
Michael Isvy,src/main/java/petclinic/model/Pet.java,15.0,0.0
Michael Isvy,src/main/java/petclinic/model/PetType.java,15.0,0.0
Michael Isvy,src/main/java/petclinic/model/Specialty.java,15.0,0.0
Michael Isvy,src/main/java/petclinic/model/Vet.java,15.0,0.0
Michael Isvy,src/main/java/petclinic/model/Vets.java,2.0,2.0
Michael Isvy,src/main/java/petclinic/model/Visit.java,15.0,0.0
Michael Isvy,src/main/java/petclinic/service/ClinicService.java,16.0,7.0
Michael Isvy,src/main/java/petclinic/service/ClinicServiceImpl.java,20.0,0.0
Michael Isvy,src/main/java/petclinic/util/CallMonitoringAspect.java,17.0,2.0
Michael Isvy,src/main/java/petclinic/util/EntityUtils.java,15.0,0.0
Michael Isvy,src/main/java/petclinic/web/PetTypeFormatter.java,1.0,1.0
Michael Isvy,src/main/java/petclinic/repository/jdbc/JdbcVetRepositoryImpl.java,9.0,28.0
Michael Isvy,src/main/java/petclinic/repository/jpa/JpaVetRepositoryImpl.java,2.0,0.0
Michael Isvy,src/main/java/petclinic/repository/jdbc/JdbcOwnerRepositoryImpl.java,0.0,11.0
Michael Isvy,src/main/java/petclinic/repository/jdbc/JdbcVetRepositoryImpl.java,0.0,2.0
Michael Isvy,src/main/java/petclinic/service/ClinicServiceImpl.java,0.0,2.0
Michael Isvy,src/test/java/petclinic/AbstractOwnerRepositoryTests.java,2.0,4.0
Michael Isvy,src/test/java/petclinic/AbstractPetRepositoryTests.java,2.0,2.0
Michael Isvy,src/test/java/petclinic/OwnerTests.java,2.0,1.0
Michael Isvy,src/main/java/petclinic/BaseEntity.java,0.0,33.0
Michael Isvy,src/main/java/petclinic/NamedEntity.java,0.0,34.0
Michael Isvy,src/main/java/petclinic/Owner.java,0.0,136.0
Michael Isvy,src/main/java/petclinic/Person.java,0.0,42.0
Michael Isvy,src/main/java/petclinic/Pet.java,0.0,97.0
Michael Isvy,src/main/java/petclinic/PetType.java,0.0,12.0
Michael Isvy,src/main/java/petclinic/Specialty.java,0.0,14.0
Michael Isvy,src/main/java/petclinic/Vet.java,0.0,63.0
Michael Isvy,src/main/java/petclinic/Vets.java,0.0,44.0
Michael Isvy,src/main/java/petclinic/Visit.java,0.0,87.0
Michael Isvy,src/main/java/petclinic/model/BaseEntity.java,33.0,0.0
Michael Isvy,src/main/java/petclinic/model/NamedEntity.java,34.0,0.0
Michael Isvy,src/main/java/petclinic/model/Owner.java,136.0,0.0
Michael Isvy,src/main/java/petclinic/model/Person.java,42.0,0.0
Michael Isvy,src/main/java/petclinic/model/Pet.java,97.0,0.0
Michael Isvy,src/main/java/petclinic/model/PetType.java,12.0,0.0
Michael Isvy,src/main/java/petclinic/model/Specialty.java,14.0,0.0
Michael Isvy,src/main/java/petclinic/model/Vet.java,63.0,0.0
Michael Isvy,src/main/java/petclinic/model/Vets.java,44.0,0.0
Michael Isvy,src/main/java/petclinic/model/Visit.java,87.0,0.0
Michael Isvy,src/main/java/petclinic/model/package-info.java,8.0,0.0
Michael Isvy,src/main/java/petclinic/package-info.java,0.0,8.0
Michael Isvy,src/main/java/petclinic/repository/OwnerRepository.java,2.0,2.0
Michael Isvy,src/main/java/petclinic/repository/PetRepository.java,3.0,3.0
Michael Isvy,src/main/java/petclinic/repository/VetRepository.java,1.0,1.0
Michael Isvy,src/main/java/petclinic/repository/VisitRepository.java,2.0,2.0
Michael Isvy,src/main/java/petclinic/repository/jdbc/JdbcOwnerRepositoryImpl.java,4.0,4.0
Michael Isvy,src/main/java/petclinic/repository/jdbc/JdbcPet.java,1.0,1.0
Michael Isvy,src/main/java/petclinic/repository/jdbc/JdbcPetRepositoryImpl.java,4.0,4.0
Michael Isvy,src/main/java/petclinic/repository/jdbc/JdbcVetRepositoryImpl.java,3.0,3.0
Michael Isvy,src/main/java/petclinic/repository/jdbc/JdbcVisitRepositoryImpl.java,1.0,1.0
Michael Isvy,src/main/java/petclinic/repository/jpa/JpaOwnerRepositoryImpl.java,1.0,1.0
Michael Isvy,src/main/java/petclinic/repository/jpa/JpaPetRepositoryImpl.java,2.0,2.0
Michael Isvy,src/main/java/petclinic/repository/jpa/JpaVetRepositoryImpl.java,1.0,1.0
Michael Isvy,src/main/java/petclinic/repository/jpa/JpaVisitRepositoryImpl.java,1.0,1.0
Michael Isvy,src/main/java/petclinic/repository/springdatajpa/JpaOwnerRepositoryImpl.java,1.0,1.0
Michael Isvy,src/main/java/petclinic/repository/springdatajpa/SpringDataPetRepository.java,2.0,2.0
Michael Isvy,src/main/java/petclinic/repository/springdatajpa/SpringDataVetRepository.java,1.0,1.0
Michael Isvy,src/main/java/petclinic/repository/springdatajpa/SpringDataVisitRepository.java,1.0,1.0
Michael Isvy,src/main/java/petclinic/service/ClinicService.java,5.0,5.0
Michael Isvy,src/main/java/petclinic/service/ClinicServiceImpl.java,5.0,5.0
Michael Isvy,src/main/java/petclinic/util/EntityUtils.java,2.0,2.0
Michael Isvy,src/main/java/petclinic/web/OwnerController.java,1.0,1.0
Michael Isvy,src/main/java/petclinic/web/PetController.java,3.0,3.0
Michael Isvy,src/main/java/petclinic/web/PetTypeFormatter.java,1.0,1.0
Michael Isvy,src/main/java/petclinic/web/PetValidator.java,1.0,1.0
Michael Isvy,src/main/java/petclinic/web/VetController.java,1.0,1.0
Michael Isvy,src/main/java/petclinic/web/VisitController.java,2.0,2.0
Michael Isvy,src/main/java/petclinic/web/VisitsAtomView.java,1.0,1.0
Michael Isvy,src/test/java/petclinic/AbstractOwnerRepositoryTests.java,1.0,0.0
Michael Isvy,src/test/java/petclinic/AbstractPetRepositoryTests.java,3.0,0.0
Michael Isvy,src/test/java/petclinic/AbstractVetRepositoryTests.java,1.0,0.0
Michael Isvy,src/test/java/petclinic/AbstractVisitRepositoryTests.java,2.0,0.0
Michael Isvy,src/test/java/petclinic/OwnerTests.java,2.0,0.0
Michael Isvy,src/test/java/petclinic/web/VisitsAtomViewTest.java,3.0,3.0
Michael Isvy,src/main/java/petclinic/aspects/CallMonitoringAspect.java,0.0,81.0
Michael Isvy,src/main/java/petclinic/util/CallMonitoringAspect.java,81.0,0.0
Michael Isvy,src/main/java/petclinic/validation/PetValidator.java,0.0,40.0
Michael Isvy,src/main/java/petclinic/validation/package-info.java,0.0,9.0
Michael Isvy,src/main/java/petclinic/web/PetController.java,0.0,1.0
Michael Isvy,src/main/java/petclinic/web/PetValidator.java,40.0,0.0
Michael Isvy,src/main/java/petclinic/validation/PetValidator.java,15.0,0.0
Michael Isvy,src/main/java/petclinic/web/CrashController.java,15.0,1.0
Michael Isvy,src/main/java/petclinic/web/OwnerController.java,15.0,1.0
Michael Isvy,src/main/java/petclinic/web/PetController.java,15.0,1.0
Michael Isvy,src/main/java/petclinic/web/PetTypeFormatter.java,15.0,0.0
Michael Isvy,src/main/java/petclinic/web/VetController.java,15.0,1.0
Michael Isvy,src/main/java/petclinic/web/VisitController.java,15.0,1.0
Michael Isvy,src/main/java/petclinic/web/VisitsAtomView.java,15.0,0.0
Michael Isvy,src/main/java/petclinic/Pet.java,1.0,1.0
Michael Isvy,src/main/java/petclinic/Vets.java,1.0,1.0
Michael Isvy,src/main/java/petclinic/web/CrashController.java,4.0,1.0
Michael Isvy,src/main/java/petclinic/web/OwnerController.java,0.0,1.0
Michael Isvy,src/main/java/petclinic/web/PetController.java,0.0,2.0
Michael Isvy,src/main/java/petclinic/web/PetTypeFormatter.java,8.0,0.0
Michael Isvy,src/main/java/petclinic/web/VetController.java,2.0,13.0
Michael Isvy,src/main/java/petclinic/web/VisitController.java,1.0,8.0
Michael Isvy,src/main/java/petclinic/web/VisitsAtomView.java,0.0,16.0
Michael Isvy,src/test/java/petclinic/web/VisitsAtomViewTest.java,0.0,1.0
Michael Isvy,src/main/java/petclinic/service/ClinicService.java,5.0,0.0
Michael Isvy,src/main/java/petclinic/service/ClinicServiceImpl.java,14.0,0.0
Michael Isvy,src/main/java/petclinic/web/OwnerController.java,9.0,9.0
Rossen Stoyanchev,src/main/java/petclinic/web/OwnerController.java,5.0,5.0
Rossen Stoyanchev,src/main/java/petclinic/web/PetController.java,6.0,6.0
Rossen Stoyanchev,src/main/java/petclinic/web/VisitController.java,4.0,4.0
Michael Isvy,src/main/java/petclinic/aspects/CallMonitoringAspect.java,1.0,1.0
Michael Isvy,src/main/java/petclinic/aspects/CallMonitoringAspect.java,5.0,2.0
Michael Isvy,src/main/java/petclinic/aspects/UsageLogAspect.java,0.0,48.0
Michael Isvy,src/main/java/petclinic/repository/jdbc/JdbcOwnerRepositoryImpl.java,2.0,2.0
Michael Isvy,src/main/java/petclinic/repository/jdbc/JdbcVetRepositoryImpl.java,2.0,2.0
Michael Isvy,src/main/java/petclinic/repository/jdbc/JdbcVisitRepositoryImpl.java,2.0,2.0
Michael Isvy,src/test/java/petclinic/aspects/UsageLogAspectTests.java,0.0,56.0
Michael Isvy,src/test/java/petclinic/jdbc/JdbcOwnerRepositoryImplTests.java,1.0,1.0
Michael Isvy,src/test/java/petclinic/jdbc/JdbcPetRepositoryImplTests.java,1.0,1.0
Michael Isvy,src/test/java/petclinic/jdbc/JdbcVetRepositoryImplTests.java,1.0,1.0
Michael Isvy,src/test/java/petclinic/jdbc/JdbcVisitRepositoryImplTests.java,1.0,1.0
Michael Isvy,src/test/java/petclinic/jpa/JpaOwnerRepositoryImplTests.java,1.0,1.0
Michael Isvy,src/test/java/petclinic/jpa/JpaPetRepositoryImplTests.java,1.0,1.0
Michael Isvy,src/test/java/petclinic/jpa/JpaVetRepositoryImplTests.java,1.0,1.0
Michael Isvy,src/test/java/petclinic/jpa/JpaVisitRepositoryImplTests.java,1.0,1.0
Michael Isvy,src/test/java/petclinic/springdatajpa/JpaOwnerRepositoryImplTests.java,1.0,1.0
Michael Isvy,src/test/java/petclinic/springdatajpa/JpaPetRepositoryImplTests.java,1.0,1.0
Michael Isvy,src/test/java/petclinic/springdatajpa/JpaVetRepositoryImplTests.java,1.0,1.0
Michael Isvy,src/test/java/petclinic/springdatajpa/JpaVisitRepositoryImplTests.java,1.0,1.0
Michael Isvy,src/test/java/petclinic/springdatajpa/SpringDataOwnerRepositoryTests.java,1.0,1.0
Michael Isvy,src/main/java/petclinic/Vet.java,3.0,1.0
Michael Isvy,src/main/java/petclinic/web/VetController.java,1.0,1.0
Michael Isvy,src/main/java/petclinic/web/VisitController.java,1.0,1.0
Michael Isvy,src/main/java/petclinic/repository/springdatajpa/JpaOwnerRepositoryImpl.java,52.0,0.0
Michael Isvy,src/main/java/petclinic/repository/springdatajpa/SpringDataOwnerRepository.java,0.0,20.0
Michael Isvy,src/main/java/petclinic/Visit.java,2.0,3.0
Michael Isvy,src/main/java/petclinic/Visit.java,2.0,0.0
Michael Isvy,src/main/java/petclinic/Pet.java,2.0,0.0
Michael Isvy,src/main/java/petclinic/web/ClinicBindingInitializer.java,0.0,30.0
Michael Isvy,src/main/java/petclinic/web/PetTypeEditor.java,0.0,30.0
Michael Isvy,src/main/java/petclinic/web/PetTypeFormatter.java,44.0,0.0
Michael Isvy,src/main/java/petclinic/Owner.java,4.0,5.0
Michael Isvy,src/main/java/petclinic/repository/jdbc/JdbcOwnerRepositoryImpl.java,2.0,2.0
Michael Isvy,src/main/java/petclinic/web/CrashController.java,23.0,0.0
Michael Isvy,src/main/java/petclinic/web/OwnerController.java,2.0,1.0
Michael Isvy,src/main/java/petclinic/repository/jdbc/JdbcOwnerRepositoryImpl.java,2.0,4.0
Michael Isvy,src/main/java/petclinic/repository/jdbc/JdbcVetRepositoryImpl.java,4.0,2.0
Michael Isvy,src/main/java/petclinic/repository/jpa/JpaOwnerRepositoryImpl.java,1.0,2.0
Michael Isvy,src/main/java/petclinic/repository/springdatajpa/SpringDataOwnerRepository.java,7.0,0.0
Michael Isvy,src/main/java/petclinic/service/ClinicServiceImpl.java,9.0,8.0
Michael Isvy,src/main/java/petclinic/repository/jdbc/JdbcOwnerRepositoryImpl.java,31.0,23.0
Michael Isvy,src/main/java/petclinic/repository/jdbc/JdbcPetRepositoryImpl.java,16.0,11.0
Michael Isvy,src/main/java/petclinic/repository/jdbc/JdbcVisitRepositoryImpl.java,1.0,1.0
Michael Isvy,src/main/java/petclinic/web/OwnerController.java,1.0,2.0
Michael Isvy,src/main/java/petclinic/Pet.java,2.0,1.0
Michael Isvy,src/main/java/petclinic/repository/jdbc/JdbcOwnerRepositoryImpl.java,3.0,3.0
Michael Isvy,src/main/java/petclinic/repository/jpa/JpaOwnerRepositoryImpl.java,9.0,2.0
Michael Isvy,src/main/java/petclinic/repository/jpa/JpaVetRepositoryImpl.java,1.0,1.0
Michael Isvy,src/test/java/petclinic/AbstractOwnerRepositoryTests.java,6.0,15.0
Michael Isvy,src/test/java/petclinic/AbstractPetRepositoryTests.java,25.0,25.0
Michael Isvy,src/test/java/petclinic/AbstractVisitRepositoryTests.java,6.0,7.0
Michael Isvy,src/test/java/petclinic/jdbc/JdbcOwnerRepositoryImplTests.java,0.0,2.0
Michael Isvy,src/test/java/petclinic/jdbc/JdbcPetRepositoryImplTests.java,0.0,2.0
Michael Isvy,src/test/java/petclinic/jdbc/JdbcVetRepositoryImplTests.java,0.0,2.0
Michael Isvy,src/test/java/petclinic/jdbc/JdbcVisitRepositoryImplTests.java,0.0,2.0
Michael Isvy,src/test/java/petclinic/jpa/JpaOwnerRepositoryImplTests.java,1.0,1.0
Michael Isvy,src/test/java/petclinic/jpa/JpaPetRepositoryImplTests.java,1.0,3.0
Michael Isvy,src/test/java/petclinic/jpa/JpaVetRepositoryImplTests.java,1.0,3.0
Michael Isvy,src/test/java/petclinic/jpa/JpaVisitRepositoryImplTests.java,1.0,3.0
Michael Isvy,src/test/java/petclinic/springdatajpa/JpaOwnerRepositoryImplTests.java,1.0,1.0
Michael Isvy,src/test/java/petclinic/springdatajpa/JpaPetRepositoryImplTests.java,1.0,3.0
Michael Isvy,src/test/java/petclinic/springdatajpa/JpaVetRepositoryImplTests.java,1.0,3.0
Michael Isvy,src/test/java/petclinic/springdatajpa/JpaVisitRepositoryImplTests.java,1.0,3.0
Michael Isvy,src/test/java/petclinic/springdatajpa/SpringDataOwnerRepositoryTests.java,1.0,1.0
Michael Isvy,src/main/java/petclinic/Pet.java,6.0,4.0
Michael Isvy,src/main/java/petclinic/Visit.java,8.0,6.0
Michael Isvy,src/main/java/petclinic/repository/jdbc/JdbcPetRepositoryImpl.java,1.0,1.0
Michael Isvy,src/main/java/petclinic/repository/jdbc/JdbcPetRowMapper.java,4.0,1.0
Michael Isvy,src/main/java/petclinic/repository/jdbc/JdbcVisitRepositoryImpl.java,5.0,2.0
Michael Isvy,src/main/java/petclinic/web/ClinicBindingInitializer.java,0.0,7.0
Michael Isvy,src/main/java/petclinic/web/VisitsAtomView.java,3.0,3.0
Michael Isvy,src/test/java/petclinic/AbstractPetRepositoryTests.java,2.0,2.0
Michael Isvy,src/test/java/petclinic/web/VisitsAtomViewTest.java,4.0,3.0
Michael Isvy,src/main/java/petclinic/web/VetController.java,1.0,1.0
Michael Isvy,src/main/java/petclinic/Person.java,0.0,1.0
Michael Isvy,src/main/java/petclinic/Vets.java,1.0,0.0
Michael Isvy,src/main/java/petclinic/aspects/AbstractTraceAspect.java,0.0,31.0
Michael Isvy,src/main/java/petclinic/aspects/CallMonitoringAspect.java,2.0,5.0
Michael Isvy,src/main/java/petclinic/aspects/UsageLogAspect.java,1.0,1.0
Michael Isvy,src/main/java/petclinic/repository/PetRepository.java,3.0,11.0
Michael Isvy,src/main/java/petclinic/repository/VetRepository.java,1.0,1.0
Michael Isvy,src/main/java/petclinic/repository/VisitRepository.java,1.0,1.0
Michael Isvy,src/main/java/petclinic/repository/jdbc/JdbcClinicImplMBean.java,0.0,20.0
Michael Isvy,src/main/java/petclinic/repository/jdbc/JdbcOwnerRepositoryImpl.java,1.0,13.0
Michael Isvy,src/main/java/petclinic/repository/jdbc/JdbcPetRepositoryImpl.java,4.0,50.0
Michael Isvy,src/main/java/petclinic/repository/jdbc/JdbcVetRepositoryImpl.java,3.0,28.0
Michael Isvy,src/main/java/petclinic/repository/jdbc/JdbcVisitRepositoryImpl.java,2.0,37.0
Michael Isvy,src/main/java/petclinic/repository/jpa/JpaClinicImpl.java,0.0,86.0
Michael Isvy,src/main/java/petclinic/repository/jpa/JpaOwnerRepositoryImpl.java,0.0,7.0
Michael Isvy,src/main/java/petclinic/repository/jpa/JpaPetRepositoryImpl.java,43.0,0.0
Michael Isvy,src/main/java/petclinic/repository/jpa/JpaVetRepositoryImpl.java,35.0,0.0
Michael Isvy,src/main/java/petclinic/repository/jpa/JpaVisitRepositoryImpl.java,46.0,0.0
Michael Isvy,src/main/java/petclinic/repository/jpa/SpringDataClinic.java,0.0,45.0
Michael Isvy,src/main/java/petclinic/repository/jpa/SpringDataOwnerRepository.java,0.0,13.0
Michael Isvy,src/main/java/petclinic/repository/springdatajpa/SpringDataOwnerRepository.java,13.0,0.0
Michael Isvy,src/main/java/petclinic/repository/springdatajpa/SpringDataPetRepository.java,21.0,0.0
Michael Isvy,src/main/java/petclinic/repository/springdatajpa/SpringDataVetRepository.java,13.0,0.0
Michael Isvy,src/main/java/petclinic/repository/springdatajpa/SpringDataVisitRepository.java,13.0,0.0
Michael Isvy,src/main/java/petclinic/service/ClinicService.java,4.0,6.0
Michael Isvy,src/main/java/petclinic/service/ClinicServiceImpl.java,15.0,12.0
Michael Isvy,src/main/java/petclinic/web/PetController.java,3.0,10.0
Michael Isvy,src/main/java/petclinic/web/PetTypeEditor.java,1.0,1.0
Michael Isvy,src/main/java/petclinic/web/VetController.java,1.0,1.0
Michael Isvy,src/main/java/petclinic/web/VisitController.java,1.0,1.0
Michael Isvy,src/main/java/petclinic/web/VisitsAtomView.java,4.0,3.0
Michael Isvy,src/test/java/petclinic/AbstractOwnerRepositoryTests.java,5.0,7.0
Michael Isvy,src/test/java/petclinic/AbstractPetRepositoryTests.java,9.0,9.0
Michael Isvy,src/test/java/petclinic/AbstractVetRepositoryTests.java,4.0,6.0
Michael Isvy,src/test/java/petclinic/AbstractVisitRepositoryTests.java,3.0,8.0
Michael Isvy,src/test/java/petclinic/jdbc/JdbcOwnerRepositoryImplTests.java,0.0,1.0
Michael Isvy,src/test/java/petclinic/jdbc/JdbcPetRepositoryImplTests.java,0.0,1.0
Michael Isvy,src/test/java/petclinic/jdbc/JdbcVetRepositoryImplTests.java,0.0,1.0
Michael Isvy,src/test/java/petclinic/jdbc/JdbcVisitRepositoryImplTests.java,0.0,1.0
Michael Isvy,src/test/java/petclinic/jpa/JpaPetRepositoryImplTests.java,0.0,1.0
Michael Isvy,src/test/java/petclinic/jpa/JpaVetRepositoryImplTests.java,0.0,1.0
Michael Isvy,src/test/java/petclinic/jpa/JpaVisitRepositoryImplTests.java,0.0,1.0
Michael Isvy,src/test/java/petclinic/jpa/SpringDataOwnerRepositoryTests.java,0.0,19.0
Michael Isvy,src/test/java/petclinic/springdatajpa/JpaOwnerRepositoryImplTests.java,34.0,0.0
Michael Isvy,src/test/java/petclinic/springdatajpa/JpaPetRepositoryImplTests.java,28.0,0.0
Michael Isvy,src/test/java/petclinic/springdatajpa/JpaVetRepositoryImplTests.java,28.0,0.0
Michael Isvy,src/test/java/petclinic/springdatajpa/JpaVisitRepositoryImplTests.java,28.0,0.0
Michael Isvy,src/test/java/petclinic/springdatajpa/SpringDataOwnerRepositoryTests.java,19.0,0.0
Michael Isvy,src/test/java/petclinic/web/VisitsAtomViewTest.java,6.0,5.0
Michael Isvy,src/main/java/petclinic/Clinic.java,0.0,82.0
Michael Isvy,src/main/java/petclinic/Owner.java,0.0,7.0
Michael Isvy,src/main/java/petclinic/aspects/UsageLogAspect.java,1.0,1.0
Michael Isvy,src/main/java/petclinic/jdbc/JdbcClinicImpl.java,0.0,344.0
Michael Isvy,src/main/java/petclinic/jdbc/JdbcClinicImplMBean.java,0.0,20.0
Michael Isvy,src/main/java/petclinic/jdbc/JdbcPet.java,0.0,35.0
Michael Isvy,src/main/java/petclinic/jdbc/package-info.java,0.0,9.0
Michael Isvy,src/main/java/petclinic/jpa/JpaClinicImpl.java,0.0,86.0
Michael Isvy,src/main/java/petclinic/jpa/SpringDataClinic.java,0.0,45.0
Michael Isvy,src/main/java/petclinic/jpa/package-info.java,0.0,9.0
Michael Isvy,src/main/java/petclinic/repository/OwnerRepository.java,47.0,0.0
Michael Isvy,src/main/java/petclinic/repository/PetRepository.java,51.0,0.0
Michael Isvy,src/main/java/petclinic/repository/VetRepository.java,27.0,0.0
Michael Isvy,src/main/java/petclinic/repository/VisitRepository.java,30.0,0.0
Michael Isvy,src/main/java/petclinic/repository/jdbc/JdbcClinicImplMBean.java,20.0,0.0
Michael Isvy,src/main/java/petclinic/repository/jdbc/JdbcOwnerRepositoryImpl.java,173.0,0.0
Michael Isvy,src/main/java/petclinic/repository/jdbc/JdbcPet.java,35.0,0.0
Michael Isvy,src/main/java/petclinic/repository/jdbc/JdbcPetRepositoryImpl.java,160.0,0.0
Michael Isvy,src/main/java/petclinic/repository/jdbc/JdbcPetRowMapper.java,23.0,0.0
Michael Isvy,src/main/java/petclinic/repository/jdbc/JdbcVetRepositoryImpl.java,118.0,0.0
Michael Isvy,src/main/java/petclinic/repository/jdbc/JdbcVisitRepositoryImpl.java,131.0,0.0
Michael Isvy,src/main/java/petclinic/repository/jdbc/package-info.java,9.0,0.0
Michael Isvy,src/main/java/petclinic/repository/jpa/JpaClinicImpl.java,86.0,0.0
Michael Isvy,src/main/java/petclinic/repository/jpa/JpaOwnerRepositoryImpl.java,57.0,0.0
Michael Isvy,src/main/java/petclinic/repository/jpa/SpringDataClinic.java,45.0,0.0
Michael Isvy,src/main/java/petclinic/repository/jpa/SpringDataOwnerRepository.java,13.0,0.0
Michael Isvy,src/main/java/petclinic/repository/jpa/package-info.java,9.0,0.0
Michael Isvy,src/main/java/petclinic/service/ClinicService.java,39.0,0.0
Michael Isvy,src/main/java/petclinic/service/ClinicServiceImpl.java,71.0,0.0
Michael Isvy,src/main/java/petclinic/web/ClinicBindingInitializer.java,3.0,3.0
Michael Isvy,src/main/java/petclinic/web/ClinicController.java,0.0,99.0
Michael Isvy,src/main/java/petclinic/web/OwnerController.java,22.0,8.0
Michael Isvy,src/main/java/petclinic/web/PetController.java,12.0,12.0
Michael Isvy,src/main/java/petclinic/web/PetTypeEditor.java,5.0,5.0
Michael Isvy,src/main/java/petclinic/web/VetController.java,54.0,0.0
Michael Isvy,src/main/java/petclinic/web/VisitController.java,22.0,8.0
Michael Isvy,src/main/java/petclinic/web/VisitsAtomView.java,1.0,1.0
Michael Isvy,src/test/java/petclinic/AbstractClinicTests.java,0.0,221.0
Michael Isvy,src/test/java/petclinic/AbstractOwnerRepositoryTests.java,147.0,0.0
Michael Isvy,src/test/java/petclinic/AbstractPetRepositoryTests.java,147.0,0.0
Michael Isvy,src/test/java/petclinic/AbstractVetRepositoryTests.java,107.0,0.0
Michael Isvy,src/test/java/petclinic/AbstractVisitRepositoryTests.java,111.0,0.0
Michael Isvy,src/test/java/petclinic/aspects/UsageLogAspectTests.java,7.0,8.0
Michael Isvy,src/test/java/petclinic/jdbc/JdbcClinicImplTests.java,0.0,28.0
Michael Isvy,src/test/java/petclinic/jdbc/JdbcOwnerRepositoryImplTests.java,29.0,0.0
Michael Isvy,src/test/java/petclinic/jdbc/JdbcPetRepositoryImplTests.java,29.0,0.0
Michael Isvy,src/test/java/petclinic/jdbc/JdbcVetRepositoryImplTests.java,29.0,0.0
Michael Isvy,src/test/java/petclinic/jdbc/JdbcVisitRepositoryImplTests.java,29.0,0.0
Michael Isvy,src/test/java/petclinic/jpa/JpaClinicImplTests.java,0.0,59.0
Michael Isvy,src/test/java/petclinic/jpa/JpaOwnerRepositoryImplTests.java,34.0,0.0
Michael Isvy,src/test/java/petclinic/jpa/JpaPetRepositoryImplTests.java,29.0,0.0
Michael Isvy,src/test/java/petclinic/jpa/JpaVetRepositoryImplTests.java,29.0,0.0
Michael Isvy,src/test/java/petclinic/jpa/JpaVisitRepositoryImplTests.java,29.0,0.0
Michael Isvy,src/test/java/petclinic/jpa/SpringDataClinicTests.java,0.0,19.0
Michael Isvy,src/test/java/petclinic/jpa/SpringDataOwnerRepositoryTests.java,19.0,0.0
Michael Isvy,src/main/java/petclinic/web/ClinicController.java,8.0,0.0
Michael Isvy,src/main/java/petclinic/Visit.java,3.0,0.0
Michael Isvy,src/main/java/petclinic/validation/VisitValidator.java,0.0,21.0
Michael Isvy,src/main/java/petclinic/web/AddVisitController.java,0.0,69.0
Michael Isvy,src/main/java/petclinic/web/VisitController.java,67.0,0.0
Michael Isvy,src/main/java/petclinic/web/PetController.java,1.0,1.0
Michael Isvy,src/main/java/petclinic/NamedEntity.java,1.0,0.0
Michael Isvy,src/main/java/petclinic/Owner.java,7.0,5.0
Michael Isvy,src/main/java/petclinic/web/AddPetController.java,0.0,77.0
Michael Isvy,src/main/java/petclinic/web/EditPetController.java,0.0,80.0
Michael Isvy,src/main/java/petclinic/web/PetController.java,104.0,0.0
Michael Isvy,src/main/java/petclinic/Owner.java,5.0,0.0
Michael Isvy,src/main/java/petclinic/Person.java,5.0,0.0
Michael Isvy,src/main/java/petclinic/validation/OwnerValidator.java,0.0,43.0
Michael Isvy,src/main/java/petclinic/web/AddOwnerController.java,0.0,65.0
Michael Isvy,src/main/java/petclinic/web/EditOwnerController.java,0.0,65.0
Michael Isvy,src/main/java/petclinic/web/FindOwnersController.java,0.0,74.0
Michael Isvy,src/main/java/petclinic/web/OwnerController.java,118.0,0.0
Michael Isvy,src/test/java/petclinic/jpa/SpringDataClinicTests.java,19.0,0.0
Michael Isvy,src/main/java/petclinic/jdbc/JdbcClinic.java,0.0,344.0
Michael Isvy,src/main/java/petclinic/jdbc/JdbcClinicImpl.java,344.0,0.0
Michael Isvy,src/main/java/petclinic/jdbc/JdbcClinicImplMBean.java,20.0,0.0
Michael Isvy,src/main/java/petclinic/jdbc/JdbcClinicMBean.java,0.0,20.0
Michael Isvy,src/main/java/petclinic/jdbc/JdbcPet.java,1.0,1.0
Michael Isvy,src/main/java/petclinic/jpa/JpaClinic.java,0.0,86.0
Michael Isvy,src/main/java/petclinic/jpa/JpaClinicImpl.java,86.0,0.0
Michael Isvy,src/main/java/petclinic/jpa/SpringDataClinic.java,45.0,0.0
Michael Isvy,src/test/java/petclinic/aspects/UsageLogAspectTests.java,2.0,2.0
Michael Isvy,src/test/java/petclinic/jdbc/JdbcClinicImplTests.java,28.0,0.0
Michael Isvy,src/test/java/petclinic/jdbc/JdbcClinicTests.java,0.0,28.0
Michael Isvy,src/test/java/petclinic/jpa/JpaClinicImplTests.java,59.0,0.0
Michael Isvy,src/test/java/petclinic/jpa/JpaClinicTests.java,0.0,59.0
Michael Isvy,src/main/java/petclinic/web/AddOwnerController.java,2.0,2.0
Michael Isvy,src/main/java/petclinic/web/AddPetController.java,2.0,2.0
Michael Isvy,src/main/java/petclinic/web/AddVisitController.java,2.0,2.0
Michael Isvy,src/main/java/petclinic/web/ClinicController.java,2.0,2.0
Michael Isvy,src/main/java/petclinic/web/EditOwnerController.java,2.0,2.0
Michael Isvy,src/main/java/petclinic/web/EditPetController.java,2.0,2.0
Michael Isvy,src/main/java/petclinic/web/FindOwnersController.java,4.0,4.0
Michael Isvy,src/test/java/petclinic/aspects/UsageLogAspectTests.java,3.0,1.0
Michael Isvy,src/test/java/petclinic/jdbc/JdbcClinicTests.java,4.0,2.0
Michael Isvy,src/test/java/petclinic/jpa/JpaClinicTests.java,3.0,13.0
Michael Isvy,src/main/java/petclinic/jpa/EntityManagerClinic.java,0.0,86.0
Michael Isvy,src/main/java/petclinic/jpa/JpaClinic.java,86.0,0.0
Michael Isvy,src/test/java/petclinic/aspects/UsageLogAspectTests.java,8.0,8.0
Michael Isvy,src/main/java/petclinic/jdbc/JdbcClinic.java,344.0,0.0
Michael Isvy,src/main/java/petclinic/jdbc/JdbcClinicMBean.java,20.0,0.0
Michael Isvy,src/main/java/petclinic/jdbc/JdbcPet.java,1.0,1.0
Michael Isvy,src/main/java/petclinic/jdbc/SimpleJdbcClinic.java,0.0,341.0
Michael Isvy,src/main/java/petclinic/jdbc/SimpleJdbcClinicMBean.java,0.0,20.0
Michael Isvy,src/test/java/petclinic/AbstractClinicTests.java,5.0,6.0
Michael Isvy,src/test/java/petclinic/aspects/UsageLogAspectTests.java,5.0,1.0
Michael Isvy,src/test/java/petclinic/jdbc/JdbcClinicTests.java,26.0,0.0
Michael Isvy,src/test/java/petclinic/jdbc/SimpleJdbcClinicTests.java,0.0,21.0
Michael Isvy,src/test/java/petclinic/jpa/JpaClinicTests.java,4.0,119.0
Michael Isvy,src/main/java/petclinic/BaseEntity.java,3.0,1.0
Michael Isvy,src/main/java/petclinic/Vet.java,4.0,1.0
Michael Isvy,src/main/java/petclinic/jpa/EntityManagerClinic.java,5.0,15.0
Michael Isvy,src/test/java/petclinic/jpa/JpaClinicTests.java,4.0,3.0
Michael Isvy,src/main/java/petclinic/BaseEntity.java,6.0,2.0
Michael Isvy,src/main/java/petclinic/Clinic.java,2.0,2.0
Michael Isvy,src/main/java/petclinic/NamedEntity.java,5.0,0.0
Michael Isvy,src/main/java/petclinic/Owner.java,12.0,2.0
Michael Isvy,src/main/java/petclinic/Person.java,9.0,3.0
Michael Isvy,src/main/java/petclinic/Pet.java,17.0,2.0
Michael Isvy,src/main/java/petclinic/PetType.java,4.0,0.0
Michael Isvy,src/main/java/petclinic/Specialty.java,4.0,0.0
Michael Isvy,src/main/java/petclinic/Vet.java,6.0,0.0
Michael Isvy,src/main/java/petclinic/Visit.java,11.0,0.0
Michael Isvy,src/main/java/petclinic/hibernate/HibernateClinic.java,0.0,98.0
Michael Isvy,src/main/java/petclinic/hibernate/package-info.java,0.0,9.0
Michael Isvy,src/main/java/petclinic/jdbc/SimpleJdbcClinic.java,3.0,3.0
Michael Isvy,src/main/java/petclinic/jpa/EntityManagerClinic.java,3.0,3.0
Michael Isvy,src/main/java/petclinic/web/AddPetController.java,1.0,1.0
Michael Isvy,src/main/java/petclinic/web/AddVisitController.java,1.0,1.0
Michael Isvy,src/main/java/petclinic/web/ClinicController.java,2.0,2.0
Michael Isvy,src/main/java/petclinic/web/EditOwnerController.java,1.0,1.0
Michael Isvy,src/main/java/petclinic/web/EditPetController.java,2.0,2.0
Michael Isvy,src/test/java/petclinic/AbstractClinicTests.java,12.0,12.0
Michael Isvy,src/test/java/petclinic/aspects/UsageLogAspectTests.java,51.0,0.0
Michael Isvy,src/test/java/petclinic/hibernate/HibernateClinicTests.java,0.0,25.0
Michael Isvy,src/test/java/petclinic/jpa/AbstractJpaClinicTests.java,0.0,187.0
Michael Isvy,src/test/java/petclinic/jpa/EntityManagerClinicTests.java,0.0,51.0
Michael Isvy,src/test/java/petclinic/jpa/HibernateEntityManagerClinicTests.java,0.0,24.0
Michael Isvy,src/test/java/petclinic/jpa/JpaClinicTests.java,183.0,0.0
Michael Isvy,src/main/java/petclinic/web/ClinicController.java,5.0,3.0
Michael Isvy,src/main/java/petclinic/web/AddOwnerController.java,65.0,0.0
Michael Isvy,src/main/java/petclinic/web/AddOwnerForm.java,0.0,65.0
Michael Isvy,src/main/java/petclinic/web/AddPetController.java,77.0,0.0
Michael Isvy,src/main/java/petclinic/web/AddPetForm.java,0.0,77.0
Michael Isvy,src/main/java/petclinic/web/AddVisitController.java,69.0,0.0
Michael Isvy,src/main/java/petclinic/web/AddVisitForm.java,0.0,69.0
Michael Isvy,src/main/java/petclinic/web/EditOwnerController.java,65.0,0.0
Michael Isvy,src/main/java/petclinic/web/EditOwnerForm.java,0.0,65.0
Michael Isvy,src/main/java/petclinic/web/EditPetController.java,80.0,0.0
Michael Isvy,src/main/java/petclinic/web/EditPetForm.java,0.0,80.0
Michael Isvy,src/main/java/petclinic/web/FindOwnersController.java,74.0,0.0
Michael Isvy,src/main/java/petclinic/web/FindOwnersForm.java,0.0,74.0
Michael Isvy,org.springframework.samples.petclinic/src/main/java/petclinic/HomeController.java,0.0,15.0
Michael Isvy,org.springframework.samples.petclinic/src/main/java/petclinic/appointments/Appointment.java,0.0,37.0
Michael Isvy,org.springframework.samples.petclinic/src/main/java/petclinic/appointments/AppointmentBook.java,0.0,13.0
Michael Isvy,org.springframework.samples.petclinic/src/main/java/petclinic/appointments/AppointmentForm.java,0.0,67.0
Michael Isvy,org.springframework.samples.petclinic/src/main/java/petclinic/appointments/Appointments.java,0.0,15.0
Michael Isvy,org.springframework.samples.petclinic/src/main/java/petclinic/appointments/AppointmentsController.java,0.0,42.0
Michael Isvy,org.springframework.samples.petclinic/src/main/java/petclinic/appointments/StubAppointmentBook.java,0.0,23.0
Michael Isvy,org.springframework.samples.petclinic/src/main/java/petclinic/owners/Owner.java,0.0,69.0
Michael Isvy,org.springframework.samples.petclinic/src/main/java/petclinic/owners/OwnerController.java,0.0,39.0
Michael Isvy,org.springframework.samples.petclinic/src/main/java/petclinic/owners/OwnerRepository.java,0.0,13.0
Michael Isvy,org.springframework.samples.petclinic/src/main/java/petclinic/owners/OwnerSearchForm.java,0.0,15.0
Michael Isvy,org.springframework.samples.petclinic/src/main/java/petclinic/owners/OwnersController.java,0.0,43.0
Michael Isvy,org.springframework.samples.petclinic/src/main/java/petclinic/owners/StubOwnerRepository.java,0.0,22.0
Michael Isvy,org.springframework.samples.petclinic/src/main/java/petclinic/owners/pets/Gender.java,0.0,5.0
Michael Isvy,org.springframework.samples.petclinic/src/main/java/petclinic/owners/pets/Pet.java,0.0,25.0
Michael Isvy,org.springframework.samples.petclinic/src/main/java/petclinic/owners/pets/PetController.java,0.0,41.0
Michael Isvy,org.springframework.samples.petclinic/src/main/java/petclinic/owners/pets/PetRepository.java,0.0,9.0
Michael Isvy,org.springframework.samples.petclinic/src/main/java/petclinic/owners/pets/StubPetRepository.java,0.0,15.0
Michael Isvy,org.springframework.samples.petclinic/src/main/java/petclinic/util/ExternalContext.java,0.0,22.0
Michael Isvy,org.springframework.samples.petclinic/src/main/java/petclinic/util/Measurement.java,0.0,10.0
Michael Isvy,org.springframework.samples.petclinic/src/main/java/petclinic/util/Unit.java,0.0,5.0
Michael Isvy,src/main/java/petclinic/jdbc/SimpleJdbcClinic.java,3.0,3.0
Michael Isvy,src/main/java/petclinic/toplink/EssentialsHSQLPlatformWithNativeSequence.java,0.0,56.0
Michael Isvy,src/main/java/petclinic/toplink/package-info.java,0.0,10.0
Michael Isvy,src/test/java/petclinic/AbstractClinicTests.java,5.0,7.0
Michael Isvy,src/test/java/petclinic/hibernate/HibernateClinicTests.java,3.0,0.0
Michael Isvy,src/test/java/petclinic/jpa/AbstractJpaClinicTests.java,31.0,42.0
Michael Isvy,src/test/java/petclinic/jpa/EntityManagerClinicTests.java,12.0,12.0
Michael Isvy,src/test/java/petclinic/jpa/HibernateEntityManagerClinicTests.java,7.0,9.0
Michael Isvy,src/test/java/petclinic/jpa/OpenJpaEntityManagerClinicTests.java,0.0,27.0
Chris Beams,src/test/java/petclinic/AbstractClinicTests.java,2.0,2.0
Chris Beams,src/test/java/petclinic/jpa/AbstractJpaClinicTests.java,2.0,2.0
Keith Donald,src/main/java/petclinic/aspects/AbstractTraceAspect.java,3.0,3.0
Keith Donald,src/main/java/petclinic/jdbc/SimpleJdbcClinic.java,3.0,4.0
Costin Leau,src/test/java/petclinic/jpa/AbstractJpaClinicTests.java,1.0,2.0
Keith Donald,src/test/java/petclinic/hibernate/HibernateClinicTests.java,2.0,0.0
Keith Donald,src/test/java/petclinic/jdbc/SimpleJdbcClinicTests.java,2.0,0.0
Keith Donald,src/test/java/petclinic/PetClinicTestSuite.java,0.0,29.0
Costin Leau,src/main/java/petclinic/config/DbcpDataSourceFactory.java,0.0,261.0
Costin Leau,src/main/java/petclinic/BaseEntity.java,27.0,0.0
Costin Leau,src/main/java/petclinic/Clinic.java,82.0,0.0
Costin Leau,src/main/java/petclinic/NamedEntity.java,28.0,0.0
Costin Leau,src/main/java/petclinic/Owner.java,127.0,0.0
Costin Leau,src/main/java/petclinic/Person.java,32.0,0.0
Costin Leau,src/main/java/petclinic/Pet.java,77.0,0.0
Costin Leau,src/main/java/petclinic/PetType.java,8.0,0.0
Costin Leau,src/main/java/petclinic/Specialty.java,10.0,0.0
Costin Leau,src/main/java/petclinic/Vet.java,52.0,0.0
Costin Leau,src/main/java/petclinic/Vets.java,43.0,0.0
Costin Leau,src/main/java/petclinic/Visit.java,70.0,0.0
Costin Leau,src/main/java/petclinic/aspects/AbstractTraceAspect.java,31.0,0.0
Costin Leau,src/main/java/petclinic/aspects/CallMonitoringAspect.java,81.0,0.0
Costin Leau,src/main/java/petclinic/aspects/UsageLogAspect.java,48.0,0.0
Costin Leau,src/main/java/petclinic/config/DbcpDataSourceFactory.java,261.0,0.0
Costin Leau,src/main/java/petclinic/hibernate/HibernateClinic.java,98.0,0.0
Costin Leau,src/main/java/petclinic/hibernate/package-info.java,9.0,0.0
Costin Leau,src/main/java/petclinic/jdbc/JdbcPet.java,35.0,0.0
Costin Leau,src/main/java/petclinic/jdbc/SimpleJdbcClinic.java,342.0,0.0
Costin Leau,src/main/java/petclinic/jdbc/SimpleJdbcClinicMBean.java,20.0,0.0
Costin Leau,src/main/java/petclinic/jdbc/package-info.java,9.0,0.0
Costin Leau,src/main/java/petclinic/jpa/EntityManagerClinic.java,96.0,0.0
Costin Leau,src/main/java/petclinic/jpa/package-info.java,9.0,0.0
Costin Leau,src/main/java/petclinic/package-info.java,8.0,0.0
Costin Leau,src/main/java/petclinic/toplink/EssentialsHSQLPlatformWithNativeSequence.java,56.0,0.0
Costin Leau,src/main/java/petclinic/toplink/package-info.java,10.0,0.0
Costin Leau,src/main/java/petclinic/util/EntityUtils.java,41.0,0.0
Costin Leau,src/main/java/petclinic/validation/OwnerValidator.java,43.0,0.0
Costin Leau,src/main/java/petclinic/validation/PetValidator.java,25.0,0.0
Costin Leau,src/main/java/petclinic/validation/VisitValidator.java,21.0,0.0
Costin Leau,src/main/java/petclinic/validation/package-info.java,9.0,0.0
Costin Leau,src/main/java/petclinic/web/AddOwnerForm.java,65.0,0.0
Costin Leau,src/main/java/petclinic/web/AddPetForm.java,77.0,0.0
Costin Leau,src/main/java/petclinic/web/AddVisitForm.java,69.0,0.0
Costin Leau,src/main/java/petclinic/web/ClinicBindingInitializer.java,37.0,0.0
Costin Leau,src/main/java/petclinic/web/ClinicController.java,89.0,0.0
Costin Leau,src/main/java/petclinic/web/EditOwnerForm.java,65.0,0.0
Costin Leau,src/main/java/petclinic/web/EditPetForm.java,80.0,0.0
Costin Leau,src/main/java/petclinic/web/FindOwnersForm.java,74.0,0.0
Costin Leau,src/main/java/petclinic/web/PetTypeEditor.java,30.0,0.0
Costin Leau,src/main/java/petclinic/web/VisitsAtomView.java,82.0,0.0
Costin Leau,src/main/java/petclinic/web/package-info.java,8.0,0.0
Costin Leau,src/test/java/petclinic/AbstractClinicTests.java,224.0,0.0
Costin Leau,src/test/java/petclinic/OwnerTests.java,27.0,0.0
Costin Leau,src/test/java/petclinic/PetClinicTestSuite.java,29.0,0.0
Costin Leau,src/test/java/petclinic/hibernate/HibernateClinicTests.java,20.0,0.0
Costin Leau,src/test/java/petclinic/jdbc/SimpleJdbcClinicTests.java,19.0,0.0
Costin Leau,src/test/java/petclinic/jpa/AbstractJpaClinicTests.java,199.0,0.0
Costin Leau,src/test/java/petclinic/jpa/EntityManagerClinicTests.java,51.0,0.0
Costin Leau,src/test/java/petclinic/jpa/HibernateEntityManagerClinicTests.java,26.0,0.0
Costin Leau,src/test/java/petclinic/jpa/OpenJpaEntityManagerClinicTests.java,27.0,0.0
Costin Leau,src/test/java/petclinic/web/VisitsAtomViewTest.java,90.0,0.0
Keith Donald,org.springframework.samples.petclinic/src/main/java/petclinic/appointments/Appointment.java,37.0,0.0
Keith Donald,org.springframework.samples.petclinic/src/main/java/petclinic/appointments/AppointmentBook.java,13.0,0.0
Keith Donald,org.springframework.samples.petclinic/src/main/java/petclinic/appointments/AppointmentForm.java,67.0,0.0
Keith Donald,org.springframework.samples.petclinic/src/main/java/petclinic/appointments/Appointments.java,15.0,0.0
Keith Donald,org.springframework.samples.petclinic/src/main/java/petclinic/appointments/AppointmentsController.java,28.0,2.0
Keith Donald,org.springframework.samples.petclinic/src/main/java/petclinic/appointments/StubAppointmentBook.java,23.0,0.0
Keith Donald,org.springframework.samples.petclinic/src/main/java/petclinic/owners/Owner.java,6.0,7.0
Keith Donald,org.springframework.samples.petclinic/src/main/java/petclinic/owners/OwnersController.java,0.0,1.0
Keith Donald,org.springframework.samples.petclinic/src/main/java/petclinic/owners/Owner.java,47.0,2.0
Keith Donald,org.springframework.samples.petclinic/src/main/java/petclinic/owners/OwnerController.java,9.0,6.0
Keith Donald,org.springframework.samples.petclinic/src/main/java/petclinic/owners/OwnerRepository.java,1.0,1.0
Keith Donald,org.springframework.samples.petclinic/src/main/java/petclinic/owners/OwnerSearchForm.java,15.0,0.0
Keith Donald,org.springframework.samples.petclinic/src/main/java/petclinic/owners/OwnersController.java,6.0,6.0
Keith Donald,org.springframework.samples.petclinic/src/main/java/petclinic/owners/StubOwnerRepository.java,3.0,2.0
Keith Donald,org.springframework.samples.petclinic/src/main/java/petclinic/owners/pets/PetController.java,3.0,3.0
Keith Donald,org.springframework.samples.petclinic/src/main/java/petclinic/util/ExternalContext.java,22.0,0.0
Keith Donald,org.springframework.samples.petclinic/src/main/java/petclinic/util/ResponseContext.java,0.0,9.0
Keith Donald,org.springframework.samples.petclinic/src/main/java/petclinic/appointments/AppointmentsController.java,16.0,0.0
Keith Donald,org.springframework.samples.petclinic/src/main/java/petclinic/owner/Owner.java,0.0,25.0
Keith Donald,org.springframework.samples.petclinic/src/main/java/petclinic/owner/OwnerController.java,0.0,36.0
Keith Donald,org.springframework.samples.petclinic/src/main/java/petclinic/owner/OwnerRepository.java,0.0,13.0
Keith Donald,org.springframework.samples.petclinic/src/main/java/petclinic/owner/OwnersController.java,0.0,44.0
Keith Donald,org.springframework.samples.petclinic/src/main/java/petclinic/owner/StubOwnerRepository.java,0.0,21.0
Keith Donald,org.springframework.samples.petclinic/src/main/java/petclinic/owners/Owner.java,25.0,0.0
Keith Donald,org.springframework.samples.petclinic/src/main/java/petclinic/owners/OwnerController.java,36.0,0.0
Keith Donald,org.springframework.samples.petclinic/src/main/java/petclinic/owners/OwnerRepository.java,13.0,0.0
Keith Donald,org.springframework.samples.petclinic/src/main/java/petclinic/owners/OwnersController.java,44.0,0.0
Keith Donald,org.springframework.samples.petclinic/src/main/java/petclinic/owners/StubOwnerRepository.java,21.0,0.0
Keith Donald,org.springframework.samples.petclinic/src/main/java/petclinic/owners/pets/Gender.java,5.0,0.0
Keith Donald,org.springframework.samples.petclinic/src/main/java/petclinic/owners/pets/Pet.java,25.0,0.0
Keith Donald,org.springframework.samples.petclinic/src/main/java/petclinic/owners/pets/PetController.java,41.0,0.0
Keith Donald,org.springframework.samples.petclinic/src/main/java/petclinic/owners/pets/PetRepository.java,9.0,0.0
Keith Donald,org.springframework.samples.petclinic/src/main/java/petclinic/owners/pets/StubPetRepository.java,15.0,0.0
Keith Donald,org.springframework.samples.petclinic/src/main/java/petclinic/pet/Gender.java,0.0,5.0
Keith Donald,org.springframework.samples.petclinic/src/main/java/petclinic/pet/Pet.java,0.0,25.0
Keith Donald,org.springframework.samples.petclinic/src/main/java/petclinic/pet/PetController.java,0.0,41.0
Keith Donald,org.springframework.samples.petclinic/src/main/java/petclinic/pet/PetRepository.java,0.0,9.0
Keith Donald,org.springframework.samples.petclinic/src/main/java/petclinic/pet/StubPetRepository.java,0.0,15.0
Keith Donald,org.springframework.samples.petclinic/src/main/java/petclinic/HomeController.java,1.0,1.0
Keith Donald,org.springframework.samples.petclinic/src/main/java/petclinic/owner/Owner.java,0.0,1.0
Keith Donald,org.springframework.samples.petclinic/src/main/java/petclinic/owner/OwnersController.java,6.0,1.0
Keith Donald,org.springframework.samples.petclinic/src/main/java/petclinic/HomeController.java,2.0,1.0
Keith Donald,org.springframework.samples.petclinic/src/main/java/petclinic/owner/StubOwnerRepository.java,21.0,0.0
Keith Donald,org.springframework.samples.petclinic/src/main/java/petclinic/pet/StubPetRepository.java,15.0,0.0
Keith Donald,org.springframework.samples.petclinic/src/main/java/petclinic/HomeController.java,14.0,0.0
Keith Donald,org.springframework.samples.petclinic/src/main/java/petclinic/owner/Owner.java,26.0,0.0
Keith Donald,org.springframework.samples.petclinic/src/main/java/petclinic/owner/OwnerController.java,36.0,0.0
Keith Donald,org.springframework.samples.petclinic/src/main/java/petclinic/owner/OwnerRepository.java,13.0,0.0
Keith Donald,org.springframework.samples.petclinic/src/main/java/petclinic/owner/OwnersController.java,39.0,0.0
Keith Donald,org.springframework.samples.petclinic/src/main/java/petclinic/pet/Gender.java,5.0,0.0
Keith Donald,org.springframework.samples.petclinic/src/main/java/petclinic/pet/Pet.java,25.0,0.0
Keith Donald,org.springframework.samples.petclinic/src/main/java/petclinic/pet/PetController.java,41.0,0.0
Keith Donald,org.springframework.samples.petclinic/src/main/java/petclinic/pet/PetRepository.java,9.0,0.0
Keith Donald,org.springframework.samples.petclinic/src/main/java/petclinic/util/Measurement.java,10.0,0.0
Keith Donald,org.springframework.samples.petclinic/src/main/java/petclinic/util/ResponseContext.java,9.0,0.0
Keith Donald,org.springframework.samples.petclinic/src/main/java/petclinic/util/Unit.java,5.0,0.0
